<?xml version="1.0" encoding="UTF-8"?>
<testng-results ignored="0" total="1" passed="1" failed="0" skipped="0">
  <reporter-output>
  </reporter-output>
  <suite started-at="2020-01-08T19:44:04 IST" name="Suite1" finished-at="2020-01-08T19:44:11 IST" duration-ms="6551">
    <groups>
    </groups>
    <test started-at="2020-01-08T19:44:04 IST" name="Test1" finished-at="2020-01-08T19:44:11 IST" duration-ms="6551">
      <class name="TestNG.phpTest">
        <test-method is-config="true" signature="launch()[pri:0, instance:TestNG.phpTest@23529fee]" started-at="2020-01-08T19:44:04 IST" name="launch" finished-at="2020-01-08T19:44:10 IST" duration-ms="6234" status="PASS">
          <reporter-output>
          </reporter-output>
        </test-method> <!-- launch -->
        <test-method signature="verifytabs()[pri:0, instance:TestNG.phpTest@23529fee]" started-at="2020-01-08T19:44:10 IST" name="verifytabs" finished-at="2020-01-08T19:44:11 IST" duration-ms="226" status="PASS">
          <reporter-output>
          </reporter-output>
        </test-method> <!-- verifytabs -->
        <test-method is-config="true" signature="close()[pri:0, instance:TestNG.phpTest@23529fee]" started-at="2020-01-08T19:44:11 IST" name="close" finished-at="2020-01-08T19:44:11 IST" duration-ms="42" status="PASS">
          <reporter-output>
          </reporter-output>
        </test-method> <!-- close -->
      </class> <!-- TestNG.phpTest -->
    </test> <!-- Test1 -->
  </suite> <!-- Suite1 -->
</testng-results>
